<?xml version="1.0" encoding="UTF-8"?>
<!-- Generated by org.testng.reporters.JUnitReportReporter -->
<testsuite hostname="Lenovo-PC" name="com.applicationname.businessscripts.ContactUs" tests="1" failures="0" timestamp="11 Jun 2020 02:19:40 GMT" time="21.126" errors="0">
  <testcase name="verifycontactdetailpageforlicenseuser" time="21.126" classname="com.applicationname.businessscripts.ContactUs"/>
</testsuite> <!-- com.applicationname.businessscripts.ContactUs -->
