<?xml version="1.0" encoding="UTF-8"?>
<!-- Generated by org.testng.reporters.JUnitReportReporter -->
<testsuite hostname="Lenovo-PC" name="com.applicationname.businessscripts.CreateAnAccount" tests="2" failures="0" timestamp="10 Jun 2020 10:04:07 GMT" time="5.914" errors="0">
  <testcase name="creatingtheaccount" time="3.301" classname="com.applicationname.businessscripts.CreateAnAccount"/>
  <testcase name="verifypopupforpasswordrules" time="2.613" classname="com.applicationname.businessscripts.CreateAnAccount"/>
</testsuite> <!-- com.applicationname.businessscripts.CreateAnAccount -->
