<?xml version="1.0" encoding="UTF-8"?>
<!-- Generated by org.testng.reporters.JUnitReportReporter -->
<testsuite hostname="Lenovo-PC" name="com.applicationname.businessscripts.RegisterForTest" tests="1" failures="0" timestamp="10 Jun 2020 10:04:07 GMT" time="10.149" errors="0">
  <testcase name="fDNY_RegisterExam_coreectuerdetails" time="10.149" classname="com.applicationname.businessscripts.RegisterForTest"/>
</testsuite> <!-- com.applicationname.businessscripts.RegisterForTest -->
