<?xml version="1.0" encoding="UTF-8"?>
<!-- Generated by org.testng.reporters.JUnitReportReporter -->
<testsuite hostname="Lenovo-PC" name="com.applicationname.businessscripts.DataProviderInTestNG" tests="4" failures="0" timestamp="6 Jun 2020 03:03:10 GMT" time="10.695" errors="0">
  <testcase name="calculateinterest" time="2.891" classname="com.applicationname.businessscripts.DataProviderInTestNG"/>
  <testcase name="calculateinterest" time="2.381" classname="com.applicationname.businessscripts.DataProviderInTestNG"/>
  <testcase name="calculateinterest" time="3.038" classname="com.applicationname.businessscripts.DataProviderInTestNG"/>
  <testcase name="calculateinterest" time="2.385" classname="com.applicationname.businessscripts.DataProviderInTestNG"/>
</testsuite> <!-- com.applicationname.businessscripts.DataProviderInTestNG -->
