<?xml version="1.0" encoding="UTF-8"?>
<!-- Generated by org.testng.reporters.JUnitReportReporter -->
<testsuite hostname="Lenovo-PC" name="com.applicationname.businessscripts.ContactUs" tests="1" failures="0" timestamp="6 Jun 2020 03:20:06 GMT" time="1.710" errors="0">
  <testcase name="verifycontactdetailpageforlicenseuser" time="1.710" classname="com.applicationname.businessscripts.ContactUs"/>
</testsuite> <!-- com.applicationname.businessscripts.ContactUs -->
