<?xml version="1.0" encoding="UTF-8"?>
<!-- Generated by org.testng.reporters.JUnitReportReporter -->
<testsuite hostname="Lenovo-PC" name="com.applicationname.businessscripts.SampleTestNG" tests="1" failures="0" timestamp="3 Jun 2020 01:47:48 GMT" time="0.033" errors="0">
  <testcase name="m1" time="0.033" classname="com.applicationname.businessscripts.SampleTestNG"/>
</testsuite> <!-- com.applicationname.businessscripts.SampleTestNG -->
